Traceback (most recent call last):
  File "C:\Users\prana\OneDrive\Desktop\SWE\time__weaver\Back_End\test_import.py", line 4, in <module>
    from app.main import app
  File "C:\Users\prana\OneDrive\Desktop\SWE\time__weaver\Back_End\app\main.py", line 23, in <module>
    from app.api.v1.router import api_router
  File "C:\Users\prana\OneDrive\Desktop\SWE\time__weaver\Back_End\app\api\v1\router.py", line 27, in <module>
    from app.api.v1.endpoints import (
  File "C:\Users\prana\OneDrive\Desktop\SWE\time__weaver\Back_End\app\api\v1\endpoints\faculty_leaves.py", line 43, in <module>
    from app.schemas.faculty_leave import (
  File "C:\Users\prana\OneDrive\Desktop\SWE\time__weaver\Back_End\app\schemas\faculty_leave.py", line 18, in <module>
    class LeaveTimeSlotRequest(BaseModel):
  File "C:\Users\prana\AppData\Roaming\Python\Python312\site-packages\pydantic\_internal\_model_construction.py", line 242, in __new__
    set_model_fields(cls, config_wrapper=config_wrapper, ns_resolver=ns_resolver)
  File "C:\Users\prana\AppData\Roaming\Python\Python312\site-packages\pydantic\_internal\_model_construction.py", line 566, in set_model_fields
    fields, class_vars = collect_model_fields(cls, config_wrapper, ns_resolver, typevars_map=typevars_map)
                         ^^^^^^^^^^^^^^^^^^^^^^^^^^^^^^^^^^^^^^^^^^^^^^^^^^^^^^^^^^^^^^^^^^^^^^^^^^^^^^^^^
  File "C:\Users\prana\AppData\Roaming\Python\Python312\site-packages\pydantic\_internal\_fields.py", line 363, in collect_model_fields
    field_info = FieldInfo_.from_annotated_attribute(ann_type, assigned_value, _source=AnnotationSource.CLASS)
                 ^^^^^^^^^^^^^^^^^^^^^^^^^^^^^^^^^^^^^^^^^^^^^^^^^^^^^^^^^^^^^^^^^^^^^^^^^^^^^^^^^^^^^^^^^^^^^
  File "C:\Users\prana\AppData\Roaming\Python\Python312\site-packages\pydantic\fields.py", line 407, in from_annotated_attribute
    raise PydanticUserError(
pydantic.errors.PydanticUserError: Error when building FieldInfo from annotated attribute. Make sure you don't have any field name clashing with a type annotation.

For further information visit https://errors.pydantic.dev/2.12/u/unevaluable-type-annotation
